0 info it worked if it ends with ok
1 verbose cli [ '/usr/local/bin/node',
1 verbose cli   '/usr/local/bin/npm',
1 verbose cli   'run',
1 verbose cli   'back:prod' ]
2 info using npm@4.1.2
3 info using node@v7.7.2
4 verbose run-script [ 'preback:prod', 'back:prod', 'postback:prod' ]
5 info lifecycle projet-web@1.0.0~preback:prod: projet-web@1.0.0
6 silly lifecycle projet-web@1.0.0~preback:prod: no script for preback:prod, continuing
7 info lifecycle projet-web@1.0.0~back:prod: projet-web@1.0.0
8 verbose lifecycle projet-web@1.0.0~back:prod: unsafe-perm in lifecycle true
9 verbose lifecycle projet-web@1.0.0~back:prod: PATH: /usr/local/lib/node_modules/npm/bin/node-gyp-bin:/application/node_modules/.bin:/usr/local/sbin:/usr/local/bin:/usr/sbin:/usr/bin:/sbin:/bin
10 verbose lifecycle projet-web@1.0.0~back:prod: CWD: /application
11 silly lifecycle projet-web@1.0.0~back:prod: Args: [ '-c',
11 silly lifecycle   'node script_bdd/script_js/createDatabase.js && node script_bdd/script_js/createSeeds.js && node api/index.js' ]
12 silly lifecycle projet-web@1.0.0~back:prod: Returned: code: 1  signal: null
13 info lifecycle projet-web@1.0.0~back:prod: Failed to exec back:prod script
14 verbose stack Error: projet-web@1.0.0 back:prod: `node script_bdd/script_js/createDatabase.js && node script_bdd/script_js/createSeeds.js && node api/index.js`
14 verbose stack Exit status 1
14 verbose stack     at EventEmitter.<anonymous> (/usr/local/lib/node_modules/npm/lib/utils/lifecycle.js:279:16)
14 verbose stack     at emitTwo (events.js:106:13)
14 verbose stack     at EventEmitter.emit (events.js:194:7)
14 verbose stack     at ChildProcess.<anonymous> (/usr/local/lib/node_modules/npm/lib/utils/spawn.js:40:14)
14 verbose stack     at emitTwo (events.js:106:13)
14 verbose stack     at ChildProcess.emit (events.js:194:7)
14 verbose stack     at maybeClose (internal/child_process.js:899:16)
14 verbose stack     at Process.ChildProcess._handle.onexit (internal/child_process.js:226:5)
15 verbose pkgid projet-web@1.0.0
16 verbose cwd /application
17 error Linux 5.15.79.1-microsoft-standard-WSL2
18 error argv "/usr/local/bin/node" "/usr/local/bin/npm" "run" "back:prod"
19 error node v7.7.2
20 error npm  v4.1.2
21 error code ELIFECYCLE
22 error projet-web@1.0.0 back:prod: `node script_bdd/script_js/createDatabase.js && node script_bdd/script_js/createSeeds.js && node api/index.js`
22 error Exit status 1
23 error Failed at the projet-web@1.0.0 back:prod script 'node script_bdd/script_js/createDatabase.js && node script_bdd/script_js/createSeeds.js && node api/index.js'.
23 error Make sure you have the latest version of node.js and npm installed.
23 error If you do, this is most likely a problem with the projet-web package,
23 error not with npm itself.
23 error Tell the author that this fails on your system:
23 error     node script_bdd/script_js/createDatabase.js && node script_bdd/script_js/createSeeds.js && node api/index.js
23 error You can get information on how to open an issue for this project with:
23 error     npm bugs projet-web
23 error Or if that isn't available, you can get their info via:
23 error     npm owner ls projet-web
23 error There is likely additional logging output above.
24 verbose exit [ 1, true ]
